\BOOKMARK [0][-]{Doc-Start}{ACKNOWLEDGMENTS}{}% 1
\BOOKMARK [0][-]{Doc-Start}{LIST OF TABLES}{}% 2
\BOOKMARK [0][-]{Doc-Start}{LIST OF FIGURES}{}% 3
\BOOKMARK [0][-]{Doc-Start}{ABSTRACT}{}% 4
\BOOKMARK [0][-]{chapter.1}{Introduction}{}% 5
\BOOKMARK [1][-]{section.1.1}{Chapter 1 section 1}{chapter.1}% 6
\BOOKMARK [2][-]{subsection.1.1.1}{Chapter 1 subsection }{section.1.1}% 7
\BOOKMARK [1][-]{section.1.2}{Chapter 1 section 2}{chapter.1}% 8
\BOOKMARK [0][-]{chapter.2}{Chapter 2 title}{}% 9
\BOOKMARK [1][-]{section.2.1}{Chapter 2 Section 1}{chapter.2}% 10
\BOOKMARK [2][-]{subsection.2.1.1}{Chapter 2 Subsection }{section.2.1}% 11
\BOOKMARK [2][-]{subsection.2.1.2}{Chapter 2 Subsection }{section.2.1}% 12
\BOOKMARK [2][-]{subsection.2.1.3}{Chapter 2 Subsection }{section.2.1}% 13
\BOOKMARK [1][-]{section.2.2}{Chapter 2 Section 2}{chapter.2}% 14
\BOOKMARK [2][-]{subsection.2.2.1}{Chapter 2 Subsection }{section.2.2}% 15
\BOOKMARK [2][-]{subsection.2.2.2}{Chapter 2 Subsection }{section.2.2}% 16
\BOOKMARK [1][-]{section.2.3}{Chapter 2 Section 3}{chapter.2}% 17
\BOOKMARK [2][-]{subsection.2.3.1}{Chapter 2 Subsection }{section.2.3}% 18
\BOOKMARK [0][-]{chapter.3}{Chapter 3 title}{}% 19
\BOOKMARK [1][-]{section.3.1}{Chapter 3 Section 1}{chapter.3}% 20
\BOOKMARK [2][-]{subsection.3.1.1}{Chapter 3 Subsection }{section.3.1}% 21
\BOOKMARK [2][-]{subsection.3.1.2}{Chapter 3 Subsection }{section.3.1}% 22
\BOOKMARK [2][-]{subsection.3.1.3}{Chapter 3 Subsection }{section.3.1}% 23
\BOOKMARK [1][-]{section.3.2}{Chapter 3 Section 2}{chapter.3}% 24
\BOOKMARK [2][-]{subsection.3.2.1}{Chapter 3 Subsection }{section.3.2}% 25
\BOOKMARK [2][-]{subsection.3.2.2}{Chapter 3 Subsection }{section.3.2}% 26
\BOOKMARK [1][-]{section.3.3}{Chapter 3 Section 3}{chapter.3}% 27
\BOOKMARK [2][-]{subsection.3.3.1}{Chapter 3 Subsection }{section.3.3}% 28
