This is pdfTeX, Version 3.14159265-2.6-1.40.17 (TeX Live 2016) (preloaded format=pdflatex 2016.5.22)  3 FEB 2017 17:58
entering extended mode
 restricted \write18 enabled.
 file:line:error style messages enabled.
 %&-line parsing enabled.
**ThesisManuscript.tex
(./ThesisManuscript.tex
LaTeX2e <2016/03/31>
Babel <3.9r> and hyphenation patterns for 83 language(s) loaded.
(/usr/local/texlive/2016/texmf-dist/tex/latex/base/report.cls
Document Class: report 2014/09/29 v1.4h Standard LaTeX document class
(/usr/local/texlive/2016/texmf-dist/tex/latex/base/size12.clo
File: size12.clo 2014/09/29 v1.4h Standard LaTeX file (size option)
)
\c@part=\count79
\c@chapter=\count80
\c@section=\count81
\c@subsection=\count82
\c@subsubsection=\count83
\c@paragraph=\count84
\c@subparagraph=\count85
\c@figure=\count86
\c@table=\count87
\abovecaptionskip=\skip41
\belowcaptionskip=\skip42
\bibindent=\dimen102
)
(/usr/local/texlive/2016/texmf-dist/tex/latex/nomencl/nomencl.sty
Package: nomencl 2005/09/22 v4.2 Nomenclature package (LN)
\nomlabelwidth=\dimen103
\nom@tempdim=\dimen104
\nomitemsep=\skip43
)
(/usr/local/texlive/2016/texmf-dist/tex/latex/amsmath/amsmath.sty
Package: amsmath 2016/03/10 v2.15b AMS math features
\@mathmargin=\skip44

For additional information on amsmath, use the `?' option.
(/usr/local/texlive/2016/texmf-dist/tex/latex/amsmath/amstext.sty
Package: amstext 2000/06/29 v2.01 AMS text

(/usr/local/texlive/2016/texmf-dist/tex/latex/amsmath/amsgen.sty
File: amsgen.sty 1999/11/30 v2.0 generic functions
\@emptytoks=\toks14
\ex@=\dimen105
))
(/usr/local/texlive/2016/texmf-dist/tex/latex/amsmath/amsbsy.sty
Package: amsbsy 1999/11/29 v1.2d Bold Symbols
\pmbraise@=\dimen106
)
(/usr/local/texlive/2016/texmf-dist/tex/latex/amsmath/amsopn.sty
Package: amsopn 2016/03/08 v2.02 operator names
)
\inf@bad=\count88
LaTeX Info: Redefining \frac on input line 199.
\uproot@=\count89
\leftroot@=\count90
LaTeX Info: Redefining \overline on input line 297.
\classnum@=\count91
\DOTSCASE@=\count92
LaTeX Info: Redefining \ldots on input line 394.
LaTeX Info: Redefining \dots on input line 397.
LaTeX Info: Redefining \cdots on input line 518.
\Mathstrutbox@=\box26
\strutbox@=\box27
\big@size=\dimen107
LaTeX Font Info:    Redeclaring font encoding OML on input line 634.
LaTeX Font Info:    Redeclaring font encoding OMS on input line 635.
\macc@depth=\count93
\c@MaxMatrixCols=\count94
\dotsspace@=\muskip10
\c@parentequation=\count95
\dspbrk@lvl=\count96
\tag@help=\toks15
\row@=\count97
\column@=\count98
\maxfields@=\count99
\andhelp@=\toks16
\eqnshift@=\dimen108
\alignsep@=\dimen109
\tagshift@=\dimen110
\tagwidth@=\dimen111
\totwidth@=\dimen112
\lineht@=\dimen113
\@envbody=\toks17
\multlinegap=\skip45
\multlinetaggap=\skip46
\mathdisplay@stack=\toks18
LaTeX Info: Redefining \[ on input line 2739.
LaTeX Info: Redefining \] on input line 2740.
)
(/usr/local/texlive/2016/texmf-dist/tex/latex/graphics/graphicx.sty
Package: graphicx 2014/10/28 v1.0g Enhanced LaTeX Graphics (DPC,SPQR)

(/usr/local/texlive/2016/texmf-dist/tex/latex/graphics/keyval.sty
Package: keyval 2014/10/28 v1.15 key=value parser (DPC)
\KV@toks@=\toks19
)
(/usr/local/texlive/2016/texmf-dist/tex/latex/graphics/graphics.sty
Package: graphics 2016/05/09 v1.0r Standard LaTeX Graphics (DPC,SPQR)

(/usr/local/texlive/2016/texmf-dist/tex/latex/graphics/trig.sty
Package: trig 2016/01/03 v1.10 sin cos tan (DPC)
)
(/usr/local/texlive/2016/texmf-dist/tex/latex/graphics-cfg/graphics.cfg
File: graphics.cfg 2016/01/02 v1.10 sample graphics configuration
)
Package graphics Info: Driver file: pdftex.def on input line 96.

(/usr/local/texlive/2016/texmf-dist/tex/latex/pdftex-def/pdftex.def
File: pdftex.def 2011/05/27 v0.06d Graphics/color for pdfTeX

(/usr/local/texlive/2016/texmf-dist/tex/generic/oberdiek/infwarerr.sty
Package: infwarerr 2016/05/16 v1.4 Providing info/warning/error messages (HO)
)
(/usr/local/texlive/2016/texmf-dist/tex/generic/oberdiek/ltxcmds.sty
Package: ltxcmds 2016/05/16 v1.23 LaTeX kernel commands for general use (HO)
)
\Gread@gobject=\count100
))
\Gin@req@height=\dimen114
\Gin@req@width=\dimen115
)
(/usr/local/texlive/2016/texmf-dist/tex/latex/multirow/multirow.sty
\bigstrutjot=\dimen116
)
(/usr/local/texlive/2016/texmf-dist/tex/latex/caption/caption.sty
Package: caption 2016/02/21 v3.3-144 Customizing captions (AR)

(/usr/local/texlive/2016/texmf-dist/tex/latex/caption/caption3.sty
Package: caption3 2016/02/04 v1.7-139 caption3 kernel (AR)
Package caption3 Info: TeX engine: e-TeX on input line 67.
\captionmargin=\dimen117
\captionmargin@=\dimen118
\captionwidth=\dimen119
\caption@tempdima=\dimen120
\caption@indent=\dimen121
\caption@parindent=\dimen122
\caption@hangindent=\dimen123
)
\c@ContinuedFloat=\count101
)
(/usr/local/texlive/2016/texmf-dist/tex/latex/tocbibind/tocbibind.sty
Package: tocbibind 2010/10/13 v1.5k extra ToC listings
Package tocbibind Info: The document has chapter divisions on input line 50.


Package tocbibind Note: Using chapter style headings, unless overridden.

) (/usr/local/texlive/2016/texmf-dist/tex/latex/setspace/setspace.sty
Package: setspace 2011/12/19 v6.7a set line spacing
)
(/usr/local/texlive/2016/texmf-dist/tex/latex/titlesec/titlesec.sty
Package: titlesec 2016/03/21 v2.10.2 Sectioning titles
\ttl@box=\box28
\beforetitleunit=\skip47
\aftertitleunit=\skip48
\ttl@plus=\dimen124
\ttl@minus=\dimen125
\ttl@toksa=\toks20
\titlewidth=\dimen126
\titlewidthlast=\dimen127
\titlewidthfirst=\dimen128
)
(/usr/local/texlive/2016/texmf-dist/tex/latex/graphics/color.sty
Package: color 2016/05/09 v1.1c Standard LaTeX Color (DPC)

(/usr/local/texlive/2016/texmf-dist/tex/latex/graphics-cfg/color.cfg
File: color.cfg 2016/01/02 v1.6 sample color configuration
)
Package color Info: Driver file: pdftex.def on input line 144.
)
(/usr/local/texlive/2016/texmf-dist/tex/latex/geometry/geometry.sty
Package: geometry 2010/09/12 v5.6 Page Geometry

(/usr/local/texlive/2016/texmf-dist/tex/generic/oberdiek/ifpdf.sty
Package: ifpdf 2016/05/14 v3.1 Provides the ifpdf switch
)
(/usr/local/texlive/2016/texmf-dist/tex/generic/oberdiek/ifvtex.sty
Package: ifvtex 2016/05/16 v1.6 Detect VTeX and its facilities (HO)
Package ifvtex Info: VTeX not detected.
)
(/usr/local/texlive/2016/texmf-dist/tex/generic/ifxetex/ifxetex.sty
Package: ifxetex 2010/09/12 v0.6 Provides ifxetex conditional
)
\Gm@cnth=\count102
\Gm@cntv=\count103
\c@Gm@tempcnt=\count104
\Gm@bindingoffset=\dimen129
\Gm@wd@mp=\dimen130
\Gm@odd@mp=\dimen131
\Gm@even@mp=\dimen132
\Gm@layoutwidth=\dimen133
\Gm@layoutheight=\dimen134
\Gm@layouthoffset=\dimen135
\Gm@layoutvoffset=\dimen136
\Gm@dimlist=\toks21
)
(/usr/local/texlive/2016/texmf-dist/tex/latex/xcolor/xcolor.sty
Package: xcolor 2016/05/11 v2.12 LaTeX color extensions (UK)

(/usr/local/texlive/2016/texmf-dist/tex/latex/graphics-cfg/color.cfg
File: color.cfg 2016/01/02 v1.6 sample color configuration
)
Package xcolor Info: Driver file: pdftex.def on input line 225.

(/usr/local/texlive/2016/texmf-dist/tex/latex/colortbl/colortbl.sty
Package: colortbl 2012/02/13 v1.0a Color table columns (DPC)

(/usr/local/texlive/2016/texmf-dist/tex/latex/tools/array.sty
Package: array 2014/10/28 v2.4c Tabular extension package (FMi)
\col@sep=\dimen137
\extrarowheight=\dimen138
\NC@list=\toks22
\extratabsurround=\skip49
\backup@length=\skip50
)
\everycr=\toks23
\minrowclearance=\skip51
)
LaTeX Info: Redefining \color on input line 709.
\rownum=\count105
Package xcolor Info: Model `cmy' substituted by `cmy0' on input line 1348.
Package xcolor Info: Model `hsb' substituted by `rgb' on input line 1352.
Package xcolor Info: Model `RGB' extended on input line 1364.
Package xcolor Info: Model `HTML' substituted by `rgb' on input line 1366.
Package xcolor Info: Model `Hsb' substituted by `hsb' on input line 1367.
Package xcolor Info: Model `tHsb' substituted by `hsb' on input line 1368.
Package xcolor Info: Model `HSB' substituted by `hsb' on input line 1369.
Package xcolor Info: Model `Gray' substituted by `gray' on input line 1370.
Package xcolor Info: Model `wave' substituted by `hsb' on input line 1371.
)
(/usr/local/texlive/2016/texmf-dist/tex/latex/amsfonts/amsfonts.sty
Package: amsfonts 2013/01/14 v3.01 Basic AMSFonts support
\symAMSa=\mathgroup4
\symAMSb=\mathgroup5
LaTeX Font Info:    Overwriting math alphabet `\mathfrak' in version `bold'
(Font)                  U/euf/m/n --> U/euf/b/n on input line 106.
)
(/usr/local/texlive/2016/texmf-dist/tex/latex/tools/bm.sty
Package: bm 2016/02/27 v1.2a Bold Symbol Support (DPC/FMi)
\symboldoperators=\mathgroup6
\symboldletters=\mathgroup7
\symboldsymbols=\mathgroup8
LaTeX Font Info:    Redeclaring math alphabet \mathbf on input line 142.
LaTeX Info: Redefining \bm on input line 208.
)
(/usr/local/texlive/2016/texmf-dist/tex/latex/amsfonts/amssymb.sty
Package: amssymb 2013/01/14 v3.01 AMS font symbols
)
(/usr/local/texlive/2016/texmf-dist/tex/latex/rotating/rotating.sty
Package: rotating 2009/03/28 v2.16a rotated objects in LaTeX

(/usr/local/texlive/2016/texmf-dist/tex/latex/base/ifthen.sty
Package: ifthen 2014/09/29 v1.1c Standard LaTeX ifthen package (DPC)
)
\c@r@tfl@t=\count106
\rotFPtop=\skip52
\rotFPbot=\skip53
\rot@float@box=\box29
\rot@mess@toks=\toks24
)
(/usr/local/texlive/2016/texmf-dist/tex/latex/float/float.sty
Package: float 2001/11/08 v1.3d Float enhancements (AL)
\c@float@type=\count107
\float@exts=\toks25
\float@box=\box30
\@float@everytoks=\toks26
\@floatcapt=\box31
)
(/usr/local/texlive/2016/texmf-dist/tex/latex/stmaryrd/stmaryrd.sty
Package: stmaryrd 1994/03/03 St Mary's Road symbol package
\symstmry=\mathgroup9
LaTeX Font Info:    Overwriting symbol font `stmry' in version `bold'
(Font)                  U/stmry/m/n --> U/stmry/b/n on input line 89.
)
(/usr/local/texlive/2016/texmf-dist/tex/latex/soul/soul.sty
Package: soul 2003/11/17 v2.4 letterspacing/underlining (mf)
\SOUL@word=\toks27
\SOUL@lasttoken=\toks28
\SOUL@cmds=\toks29
\SOUL@buffer=\toks30
\SOUL@token=\toks31
\SOUL@spaceskip=\skip54
\SOUL@ttwidth=\dimen139
\SOUL@uldp=\dimen140
\SOUL@ulht=\dimen141
)
(/usr/local/texlive/2016/texmf-dist/tex/latex/eepic/eepic.sty
Extension to Epic and LaTeX. Version 1.1e - Released Dec 21, 1999
\@gphlinewidth=\count108
\@eepictcnt=\count109
\@tempdimc=\dimen142
\maxovaldiam=\dimen143
\@filltype=\box32
) (/usr/local/texlive/2016/texmf-dist/tex/latex/natbib/natbib.sty
Package: natbib 2010/09/13 8.31b (PWD, AO)
\bibhang=\skip55
\bibsep=\skip56
LaTeX Info: Redefining \cite on input line 694.
\c@NAT@ctr=\count110
)
(/usr/local/texlive/2016/texmf-dist/tex/latex/tools/indentfirst.sty
Package: indentfirst 1995/11/23 v1.03 Indent first paragraph (DPC)
)
(/usr/local/texlive/2016/texmf-dist/tex/latex/subfig/subfig.sty
Package: subfig 2005/06/28 ver: 1.3 subfig package
\c@KVtest=\count111
\sf@farskip=\skip57
\sf@captopadj=\dimen144
\sf@capskip=\skip58
\sf@nearskip=\skip59
\c@subfigure=\count112
\c@subfigure@save=\count113
\c@lofdepth=\count114
\c@subtable=\count115
\c@subtable@save=\count116
\c@lotdepth=\count117
\sf@top=\skip60
\sf@bottom=\skip61
)
(/usr/local/texlive/2016/texmf-dist/tex/latex/amsfonts/euscript.sty
Package: euscript 2009/06/22 v3.00 Euler Script fonts
LaTeX Font Info:    Overwriting math alphabet `\EuScript' in version `bold'
(Font)                  U/eus/m/n --> U/eus/b/n on input line 33.
)
(/usr/local/texlive/2016/texmf-dist/tex/latex/appendix/appendix.sty
Package: appendix 2009/09/02 v1.2b extra appendix facilities
\c@@pps=\count118
\c@@ppsavesec=\count119
\c@@ppsaveapp=\count120
)
(/usr/local/texlive/2016/texmf-dist/tex/latex/koma-script/tocstyle.sty
Package: tocstyle 2016/04/12 v0.2h-alpha KOMA-Script package (versatile toc sty
les)


Package tocstyle Warning: THIS IS AN ALPHA VERSION!
(tocstyle)                USAGE OF THIS VERSION IS ON YOUR OWN RISK!
(tocstyle)                EVERYTHING MAY HAPPEN!
(tocstyle)                EVERYTHING MAY CHANGE IN FUTURE!
(tocstyle)                THERE IS NO SUPPORT, IF YOU USE THIS PACKAGE!
(tocstyle)                Maybe it would be better, not to load this package.

\tocstyle@indentstyle=\count121
Package tocstyle Info: no tocstyle.cfg found on input line 956.
) (/usr/local/texlive/2016/texmf-dist/tex/latex/base/textcomp.sty
Package: textcomp 2005/09/27 v1.99g Standard LaTeX package
Package textcomp Info: Sub-encoding information:
(textcomp)               5 = only ISO-Adobe without \textcurrency
(textcomp)               4 = 5 + \texteuro
(textcomp)               3 = 4 + \textohm
(textcomp)               2 = 3 + \textestimated + \textcurrency
(textcomp)               1 = TS1 - \textcircled - \t
(textcomp)               0 = TS1 (full)
(textcomp)             Font families with sub-encoding setting implement
(textcomp)             only a restricted character set as indicated.
(textcomp)             Family '?' is the default used for unknown fonts.
(textcomp)             See the documentation for details.
Package textcomp Info: Setting ? sub-encoding to TS1/1 on input line 79.

(/usr/local/texlive/2016/texmf-dist/tex/latex/base/ts1enc.def
File: ts1enc.def 2001/06/05 v3.0e (jk/car/fm) Standard LaTeX file
)
LaTeX Info: Redefining \oldstylenums on input line 334.
Package textcomp Info: Setting cmr sub-encoding to TS1/0 on input line 349.
Package textcomp Info: Setting cmss sub-encoding to TS1/0 on input line 350.
Package textcomp Info: Setting cmtt sub-encoding to TS1/0 on input line 351.
Package textcomp Info: Setting cmvtt sub-encoding to TS1/0 on input line 352.
Package textcomp Info: Setting cmbr sub-encoding to TS1/0 on input line 353.
Package textcomp Info: Setting cmtl sub-encoding to TS1/0 on input line 354.
Package textcomp Info: Setting ccr sub-encoding to TS1/0 on input line 355.
Package textcomp Info: Setting ptm sub-encoding to TS1/4 on input line 356.
Package textcomp Info: Setting pcr sub-encoding to TS1/4 on input line 357.
Package textcomp Info: Setting phv sub-encoding to TS1/4 on input line 358.
Package textcomp Info: Setting ppl sub-encoding to TS1/3 on input line 359.
Package textcomp Info: Setting pag sub-encoding to TS1/4 on input line 360.
Package textcomp Info: Setting pbk sub-encoding to TS1/4 on input line 361.
Package textcomp Info: Setting pnc sub-encoding to TS1/4 on input line 362.
Package textcomp Info: Setting pzc sub-encoding to TS1/4 on input line 363.
Package textcomp Info: Setting bch sub-encoding to TS1/4 on input line 364.
Package textcomp Info: Setting put sub-encoding to TS1/5 on input line 365.
Package textcomp Info: Setting uag sub-encoding to TS1/5 on input line 366.
Package textcomp Info: Setting ugq sub-encoding to TS1/5 on input line 367.
Package textcomp Info: Setting ul8 sub-encoding to TS1/4 on input line 368.
Package textcomp Info: Setting ul9 sub-encoding to TS1/4 on input line 369.
Package textcomp Info: Setting augie sub-encoding to TS1/5 on input line 370.
Package textcomp Info: Setting dayrom sub-encoding to TS1/3 on input line 371.
Package textcomp Info: Setting dayroms sub-encoding to TS1/3 on input line 372.

Package textcomp Info: Setting pxr sub-encoding to TS1/0 on input line 373.
Package textcomp Info: Setting pxss sub-encoding to TS1/0 on input line 374.
Package textcomp Info: Setting pxtt sub-encoding to TS1/0 on input line 375.
Package textcomp Info: Setting txr sub-encoding to TS1/0 on input line 376.
Package textcomp Info: Setting txss sub-encoding to TS1/0 on input line 377.
Package textcomp Info: Setting txtt sub-encoding to TS1/0 on input line 378.
Package textcomp Info: Setting lmr sub-encoding to TS1/0 on input line 379.
Package textcomp Info: Setting lmdh sub-encoding to TS1/0 on input line 380.
Package textcomp Info: Setting lmss sub-encoding to TS1/0 on input line 381.
Package textcomp Info: Setting lmssq sub-encoding to TS1/0 on input line 382.
Package textcomp Info: Setting lmvtt sub-encoding to TS1/0 on input line 383.
Package textcomp Info: Setting lmtt sub-encoding to TS1/0 on input line 384.
Package textcomp Info: Setting qhv sub-encoding to TS1/0 on input line 385.
Package textcomp Info: Setting qag sub-encoding to TS1/0 on input line 386.
Package textcomp Info: Setting qbk sub-encoding to TS1/0 on input line 387.
Package textcomp Info: Setting qcr sub-encoding to TS1/0 on input line 388.
Package textcomp Info: Setting qcs sub-encoding to TS1/0 on input line 389.
Package textcomp Info: Setting qpl sub-encoding to TS1/0 on input line 390.
Package textcomp Info: Setting qtm sub-encoding to TS1/0 on input line 391.
Package textcomp Info: Setting qzc sub-encoding to TS1/0 on input line 392.
Package textcomp Info: Setting qhvc sub-encoding to TS1/0 on input line 393.
Package textcomp Info: Setting futs sub-encoding to TS1/4 on input line 394.
Package textcomp Info: Setting futx sub-encoding to TS1/4 on input line 395.
Package textcomp Info: Setting futj sub-encoding to TS1/4 on input line 396.
Package textcomp Info: Setting hlh sub-encoding to TS1/3 on input line 397.
Package textcomp Info: Setting hls sub-encoding to TS1/3 on input line 398.
Package textcomp Info: Setting hlst sub-encoding to TS1/3 on input line 399.
Package textcomp Info: Setting hlct sub-encoding to TS1/5 on input line 400.
Package textcomp Info: Setting hlx sub-encoding to TS1/5 on input line 401.
Package textcomp Info: Setting hlce sub-encoding to TS1/5 on input line 402.
Package textcomp Info: Setting hlcn sub-encoding to TS1/5 on input line 403.
Package textcomp Info: Setting hlcw sub-encoding to TS1/5 on input line 404.
Package textcomp Info: Setting hlcf sub-encoding to TS1/5 on input line 405.
Package textcomp Info: Setting pplx sub-encoding to TS1/3 on input line 406.
Package textcomp Info: Setting pplj sub-encoding to TS1/3 on input line 407.
Package textcomp Info: Setting ptmx sub-encoding to TS1/4 on input line 408.
Package textcomp Info: Setting ptmj sub-encoding to TS1/4 on input line 409.
)
(/usr/local/texlive/2016/texmf-dist/tex/latex/listings/listings.sty
\lst@mode=\count122
\lst@gtempboxa=\box33
\lst@token=\toks32
\lst@length=\count123
\lst@currlwidth=\dimen145
\lst@column=\count124
\lst@pos=\count125
\lst@lostspace=\dimen146
\lst@width=\dimen147
\lst@newlines=\count126
\lst@lineno=\count127
\lst@maxwidth=\dimen148

(/usr/local/texlive/2016/texmf-dist/tex/latex/listings/lstmisc.sty
File: lstmisc.sty 2015/06/04 1.6 (Carsten Heinz)
\c@lstnumber=\count128
\lst@skipnumbers=\count129
\lst@framebox=\box34
)
(/usr/local/texlive/2016/texmf-dist/tex/latex/listings/listings.cfg
File: listings.cfg 2015/06/04 1.6 listings configuration
))
Package: listings 2015/06/04 1.6 (Carsten Heinz)

(/usr/local/texlive/2016/texmf-dist/tex/latex/psnfss/mathptmx.sty
Package: mathptmx 2005/04/12 PSNFSS-v9.2a Times w/ Math, improved (SPQR, WaS) 
LaTeX Font Info:    Redeclaring symbol font `operators' on input line 28.
LaTeX Font Info:    Overwriting symbol font `operators' in version `normal'
(Font)                  OT1/cmr/m/n --> OT1/ztmcm/m/n on input line 28.
LaTeX Font Info:    Overwriting symbol font `operators' in version `bold'
(Font)                  OT1/cmr/bx/n --> OT1/ztmcm/m/n on input line 28.
LaTeX Font Info:    Redeclaring symbol font `letters' on input line 29.
LaTeX Font Info:    Overwriting symbol font `letters' in version `normal'
(Font)                  OML/cmm/m/it --> OML/ztmcm/m/it on input line 29.
LaTeX Font Info:    Overwriting symbol font `letters' in version `bold'
(Font)                  OML/cmm/b/it --> OML/ztmcm/m/it on input line 29.
LaTeX Font Info:    Redeclaring symbol font `symbols' on input line 30.
LaTeX Font Info:    Overwriting symbol font `symbols' in version `normal'
(Font)                  OMS/cmsy/m/n --> OMS/ztmcm/m/n on input line 30.
LaTeX Font Info:    Overwriting symbol font `symbols' in version `bold'
(Font)                  OMS/cmsy/b/n --> OMS/ztmcm/m/n on input line 30.
LaTeX Font Info:    Redeclaring symbol font `largesymbols' on input line 31.
LaTeX Font Info:    Overwriting symbol font `largesymbols' in version `normal'
(Font)                  OMX/cmex/m/n --> OMX/ztmcm/m/n on input line 31.
LaTeX Font Info:    Overwriting symbol font `largesymbols' in version `bold'
(Font)                  OMX/cmex/m/n --> OMX/ztmcm/m/n on input line 31.
\symbold=\mathgroup10
\symitalic=\mathgroup11
LaTeX Font Info:    Redeclaring math alphabet \mathbf on input line 34.
LaTeX Font Info:    Redeclaring math alphabet \mathit on input line 35.
LaTeX Font Info:    Overwriting math alphabet `\mathit' in version `normal'
(Font)                  OT1/cmr/m/it --> OT1/ptm/m/it on input line 35.
LaTeX Font Info:    Overwriting math alphabet `\mathit' in version `bold'
(Font)                  OT1/cmr/bx/it --> OT1/ptm/m/it on input line 35.
LaTeX Info: Redefining \hbar on input line 50.
)
(/usr/local/texlive/2016/texmf-dist/tex/latex/graphics/epsfig.sty
Package: epsfig 1999/02/16 v1.7a (e)psfig emulation (SPQR)
\epsfxsize=\dimen149
\epsfysize=\dimen150
)
(/usr/local/texlive/2016/texmf-dist/tex/latex/psnfss/times.sty
Package: times 2005/04/12 PSNFSS-v9.2a (SPQR) 
)
(/usr/local/texlive/2016/texmf-dist/tex/latex/base/makeidx.sty
Package: makeidx 2014/09/29 v1.0m Standard LaTeX package
)
(/usr/local/texlive/2016/texmf-dist/tex/latex/url/url.sty
\Urlmuskip=\muskip11
Package: url 2013/09/16  ver 3.4  Verb mode for urls, etc.
)
(/usr/local/texlive/2016/texmf-dist/tex/latex/booktabs/booktabs.sty
Package: booktabs 2016/04/27 v1.618033 publication quality tables
\heavyrulewidth=\dimen151
\lightrulewidth=\dimen152
\cmidrulewidth=\dimen153
\belowrulesep=\dimen154
\belowbottomsep=\dimen155
\aboverulesep=\dimen156
\abovetopsep=\dimen157
\cmidrulesep=\dimen158
\cmidrulekern=\dimen159
\defaultaddspace=\dimen160
\@cmidla=\count130
\@cmidlb=\count131
\@aboverulesep=\dimen161
\@belowrulesep=\dimen162
\@thisruleclass=\count132
\@lastruleclass=\count133
\@thisrulewidth=\dimen163
)
(/usr/local/texlive/2016/texmf-dist/tex/latex/tocloft/tocloft.sty
Package: tocloft 2013/05/02 v2.3f parameterised ToC, etc., typesetting
Package tocloft Info: The document has chapter divisions on input line 44.
\cftparskip=\skip62
\cftbeforetoctitleskip=\skip63
\cftaftertoctitleskip=\skip64
\cftbeforepartskip=\skip65
\cftpartnumwidth=\skip66
\cftpartindent=\skip67
\cftbeforechapskip=\skip68
\cftchapindent=\skip69
\cftchapnumwidth=\skip70
\cftbeforesecskip=\skip71
\cftsecindent=\skip72
\cftsecnumwidth=\skip73
\cftbeforesubsecskip=\skip74
\cftsubsecindent=\skip75
\cftsubsecnumwidth=\skip76
\cftbeforesubsubsecskip=\skip77
\cftsubsubsecindent=\skip78
\cftsubsubsecnumwidth=\skip79
\cftbeforeparaskip=\skip80
\cftparaindent=\skip81
\cftparanumwidth=\skip82
\cftbeforesubparaskip=\skip83
\cftsubparaindent=\skip84
\cftsubparanumwidth=\skip85
\cftbeforeloftitleskip=\skip86
\cftafterloftitleskip=\skip87
\cftbeforefigskip=\skip88
\cftfigindent=\skip89
\cftfignumwidth=\skip90
\cftbeforelottitleskip=\skip91
\cftafterlottitleskip=\skip92
\cftbeforetabskip=\skip93
\cfttabindent=\skip94
\cfttabnumwidth=\skip95
\cftbeforesubfigskip=\skip96
\cftsubfigindent=\skip97
\cftsubfignumwidth=\skip98
\cftbeforesubtabskip=\skip99
\cftsubtabindent=\skip100
\cftsubtabnumwidth=\skip101
)
(/usr/local/texlive/2016/texmf-dist/tex/latex/acronym/acronym.sty
Package: acronym 2015/03/21 v1.41 Support for acronyms (Tobias Oetiker)

(/usr/local/texlive/2016/texmf-dist/tex/latex/bigfoot/suffix.sty
Package: suffix 2006/07/15 1.5a Variant command support
)
(/usr/local/texlive/2016/texmf-dist/tex/generic/xstring/xstring.sty
(/usr/local/texlive/2016/texmf-dist/tex/generic/xstring/xstring.tex
\@xs@message=\write3
\integerpart=\count134
\decimalpart=\count135
)
Package: xstring 2013/10/13  v1.7c  String manipulations (C Tellechea)
)
\AC@clearlist=\toks33
)
(/usr/local/texlive/2016/texmf-dist/tex/latex/datetime/datetime.sty
Package: datetime 2015/03/20 v2.60 Date Time Package

(/usr/local/texlive/2016/texmf-dist/tex/latex/etoolbox/etoolbox.sty
Package: etoolbox 2015/08/02 v2.2a e-TeX tools for LaTeX (JAW)
\etb@tempcnta=\count136
)
(/usr/local/texlive/2016/texmf-dist/tex/latex/fmtcount/fmtcount.sty
Package: fmtcount 2015/05/05 v3.01

(/usr/local/texlive/2016/texmf-dist/tex/latex/xkeyval/xkeyval.sty
Package: xkeyval 2014/12/03 v2.7a package option processing (HA)

(/usr/local/texlive/2016/texmf-dist/tex/generic/xkeyval/xkeyval.tex
(/usr/local/texlive/2016/texmf-dist/tex/generic/xkeyval/xkvutils.tex
\XKV@toks=\toks34
\XKV@tempa@toks=\toks35
)
\XKV@depth=\count137
File: xkeyval.tex 2014/12/03 v2.7a key=value parser (HA)
))
(/usr/local/texlive/2016/texmf-dist/tex/latex/fmtcount/fcprefix.sty
Package: fcprefix 2012/09/28

(/usr/local/texlive/2016/texmf-dist/tex/latex/fmtcount/fcnumparser.sty
Package: fcnumparser 2012/09/28
\fc@digit@counter=\count138
))
\c@padzeroesN=\count139
\fc@tmpcatcode=\count140
\@DT@modctr=\count141
\@ordinalctr=\count142
\@orgargctr=\count143
\@strctr=\count144
\@tmpstrctr=\count145
\@DT@loopN=\count146
\@DT@X=\count147

(/usr/local/texlive/2016/texmf-dist/tex/latex/fmtcount/fc-english.def
File: fc-english.def 2013/08/17
))
(/usr/local/texlive/2016/texmf-dist/tex/latex/datetime/datetime-defaults.sty
Package: datetime-defaults 2013/09/10
)
\@day=\count148
\@month=\count149
\@year=\count150
\c@HOUR=\count151
\c@HOURXII=\count152
\c@MINUTE=\count153
\c@TOHOUR=\count154
\c@TOMINUTE=\count155
\c@SECOND=\count156
\currenthour=\count157
\currentminute=\count158
\currentsecond=\count159
Package datetime Info: No datetime.cfg file found, using default settings on in
put line 308.
\@dtctr=\count160
\dayofyear=\count161
\dayofweek=\count162
LaTeX Info: Redefining \today on input line 736.
\dt@a=\toks36
\dt@b=\toks37
)
(/usr/local/texlive/2016/texmf-dist/tex/latex/algorithms/algorithm.sty
Package: algorithm 2009/08/24 v0.1 Document Style `algorithm' - floating enviro
nment
\@float@every@algorithm=\toks38
\c@algorithm=\count163
)
(/usr/local/texlive/2016/texmf-dist/tex/latex/algorithms/algorithmic.sty
Package: algorithmic 2009/08/24 v0.1 Document Style `algorithmic'
\c@ALC@unique=\count164
\c@ALC@line=\count165
\c@ALC@rem=\count166
\c@ALC@depth=\count167
\ALC@tlm=\skip102
\algorithmicindent=\skip103
)
(/usr/local/texlive/2016/texmf-dist/tex/latex/hyperref/hyperref.sty
Package: hyperref 2016/05/05 v6.83n Hypertext links for LaTeX

(/usr/local/texlive/2016/texmf-dist/tex/generic/oberdiek/hobsub-hyperref.sty
Package: hobsub-hyperref 2016/05/16 v1.14 Bundle oberdiek, subset hyperref (HO)


(/usr/local/texlive/2016/texmf-dist/tex/generic/oberdiek/hobsub-generic.sty
Package: hobsub-generic 2016/05/16 v1.14 Bundle oberdiek, subset generic (HO)
Package: hobsub 2016/05/16 v1.14 Construct package bundles (HO)
Package hobsub Info: Skipping package `infwarerr' (already loaded).
Package hobsub Info: Skipping package `ltxcmds' (already loaded).
Package: ifluatex 2016/05/16 v1.4 Provides the ifluatex switch (HO)
Package ifluatex Info: LuaTeX not detected.
Package hobsub Info: Skipping package `ifvtex' (already loaded).
Package: intcalc 2016/05/16 v1.2 Expandable calculations with integers (HO)
Package hobsub Info: Skipping package `ifpdf' (already loaded).
Package: etexcmds 2016/05/16 v1.6 Avoid name clashes with e-TeX commands (HO)
Package etexcmds Info: Could not find \expanded.
(etexcmds)             That can mean that you are not using pdfTeX 1.50 or
(etexcmds)             that some package has redefined \expanded.
(etexcmds)             In the latter case, load this package earlier.
Package: kvsetkeys 2016/05/16 v1.17 Key value parser (HO)
Package: kvdefinekeys 2016/05/16 v1.4 Define keys (HO)
Package: pdftexcmds 2016/05/10 v0.21 Utility functions of pdfTeX for LuaTeX (HO
)
Package pdftexcmds Info: LuaTeX not detected.
Package pdftexcmds Info: \pdf@primitive is available.
Package pdftexcmds Info: \pdf@ifprimitive is available.
Package pdftexcmds Info: \pdfdraftmode found.
Package: pdfescape 2016/05/16 v1.14 Implements pdfTeX's escape features (HO)
Package: bigintcalc 2016/05/16 v1.4 Expandable calculations on big integers (HO
)
Package: bitset 2016/05/16 v1.2 Handle bit-vector datatype (HO)
Package: uniquecounter 2016/05/16 v1.3 Provide unlimited unique counter (HO)
)
Package hobsub Info: Skipping package `hobsub' (already loaded).
Package: letltxmacro 2016/05/16 v1.5 Let assignment for LaTeX macros (HO)
Package: hopatch 2016/05/16 v1.3 Wrapper for package hooks (HO)
Package: xcolor-patch 2016/05/16 xcolor patch
Package: atveryend 2016/05/16 v1.9 Hooks at the very end of document (HO)
Package: atbegshi 2016/05/16 v1.17 At begin shipout hook (HO)
Package: refcount 2016/05/16 v3.5 Data extraction from label references (HO)
Package: hycolor 2016/05/16 v1.8 Color options for hyperref/bookmark (HO)
)
(/usr/local/texlive/2016/texmf-dist/tex/latex/oberdiek/auxhook.sty
Package: auxhook 2016/05/16 v1.4 Hooks for auxiliary files (HO)
)
(/usr/local/texlive/2016/texmf-dist/tex/latex/oberdiek/kvoptions.sty
Package: kvoptions 2016/05/16 v3.12 Key value format for package options (HO)
)
\@linkdim=\dimen164
\Hy@linkcounter=\count168
\Hy@pagecounter=\count169

(/usr/local/texlive/2016/texmf-dist/tex/latex/hyperref/pd1enc.def
File: pd1enc.def 2016/05/05 v6.83n Hyperref: PDFDocEncoding definition (HO)
)
\Hy@SavedSpaceFactor=\count170

(/usr/local/texlive/2016/texmf-dist/tex/latex/latexconfig/hyperref.cfg
File: hyperref.cfg 2002/06/06 v1.2 hyperref configuration of TeXLive
)
Package hyperref Info: Hyper figures OFF on input line 4446.
Package hyperref Info: Link nesting OFF on input line 4451.
Package hyperref Info: Hyper index ON on input line 4454.
Package hyperref Info: Plain pages OFF on input line 4461.
Package hyperref Info: Backreferencing OFF on input line 4466.
Package hyperref Info: Implicit mode ON; LaTeX internals redefined.
Package hyperref Info: Bookmarks ON on input line 4691.
\c@Hy@tempcnt=\count171
LaTeX Info: Redefining \url on input line 5044.
\XeTeXLinkMargin=\dimen165
\Fld@menulength=\count172
\Field@Width=\dimen166
\Fld@charsize=\dimen167
Package hyperref Info: Hyper figures OFF on input line 6298.
Package hyperref Info: Link nesting OFF on input line 6303.
Package hyperref Info: Hyper index ON on input line 6306.
Package hyperref Info: backreferencing OFF on input line 6313.
Package hyperref Info: Link coloring OFF on input line 6318.
Package hyperref Info: Link coloring with OCG OFF on input line 6323.
Package hyperref Info: PDF/A mode OFF on input line 6328.
LaTeX Info: Redefining \ref on input line 6368.
LaTeX Info: Redefining \pageref on input line 6372.
\Hy@abspage=\count173
\c@Item=\count174
\c@Hfootnote=\count175
)

Package hyperref Message: Driver (autodetected): hpdftex.

(/usr/local/texlive/2016/texmf-dist/tex/latex/hyperref/hpdftex.def
File: hpdftex.def 2016/05/05 v6.83n Hyperref driver for pdfTeX
\Fld@listcount=\count176
\c@bookmark@seq@number=\count177

(/usr/local/texlive/2016/texmf-dist/tex/latex/oberdiek/rerunfilecheck.sty
Package: rerunfilecheck 2016/05/16 v1.8 Rerun checks for auxiliary files (HO)
Package uniquecounter Info: New unique counter `rerunfilecheck' on input line 2
82.
)
\Hy@SectionHShift=\skip104
)
\@nomenclaturefile=\write4
\openout4 = `ThesisManuscript.nlo'.


Writing nomenclature file ThesisManuscript.nlo
(/usr/local/texlive/2016/texmf-dist/tex/latex/makecell/makecell.sty
Package: makecell 2009/08/03 V0.1e Managing of Tab Column Heads and Cells
\rotheadsize=\dimen168
\c@nlinenum=\count178
\TeXr@lab=\toks39
)
(/usr/local/texlive/2016/texmf-dist/tex/latex/titlesec/titletoc.sty
Package: titletoc 2011/12/15 v1.6 TOC entries
\ttl@leftsep=\dimen169
)
(/usr/local/texlive/2016/texmf-dist/tex/latex/graphics/lscape.sty
Package: lscape 2000/10/22 v3.01 Landscape Pages (DPC)
)
(/usr/local/texlive/2016/texmf-dist/tex/latex/abstract/abstract.sty
Package: abstract 2009/06/08 v1.2a configurable abstracts
\abstitleskip=\skip105
\absleftindent=\skip106
\absrightindent=\skip107
\absparindent=\skip108
\absparsep=\skip109
)
\li=\skip110
\di=\skip111
\@float@every@Box=\toks40
\c@Box=\count179

(./ThesisManuscript.aux)
\openout1 = `ThesisManuscript.aux'.

LaTeX Font Info:    Checking defaults for OML/cmm/m/it on input line 287.
LaTeX Font Info:    ... okay on input line 287.
LaTeX Font Info:    Checking defaults for T1/cmr/m/n on input line 287.
LaTeX Font Info:    ... okay on input line 287.
LaTeX Font Info:    Checking defaults for OT1/cmr/m/n on input line 287.
LaTeX Font Info:    ... okay on input line 287.
LaTeX Font Info:    Checking defaults for OMS/cmsy/m/n on input line 287.
LaTeX Font Info:    ... okay on input line 287.
LaTeX Font Info:    Checking defaults for OMX/cmex/m/n on input line 287.
LaTeX Font Info:    ... okay on input line 287.
LaTeX Font Info:    Checking defaults for U/cmr/m/n on input line 287.
LaTeX Font Info:    ... okay on input line 287.
LaTeX Font Info:    Checking defaults for TS1/cmr/m/n on input line 287.
LaTeX Font Info:    Try loading font information for TS1+cmr on input line 287.


(/usr/local/texlive/2016/texmf-dist/tex/latex/base/ts1cmr.fd
File: ts1cmr.fd 2014/09/29 v2.5h Standard LaTeX font definitions
)
LaTeX Font Info:    ... okay on input line 287.
LaTeX Font Info:    Checking defaults for PD1/pdf/m/n on input line 287.
LaTeX Font Info:    ... okay on input line 287.
LaTeX Font Info:    Try loading font information for OT1+ptm on input line 287.


(/usr/local/texlive/2016/texmf-dist/tex/latex/psnfss/ot1ptm.fd
File: ot1ptm.fd 2001/06/04 font definitions for OT1/ptm.
)
(/usr/local/texlive/2016/texmf-dist/tex/context/base/mkii/supp-pdf.mkii
[Loading MPS to PDF converter (version 2006.09.02).]
\scratchcounter=\count180
\scratchdimen=\dimen170
\scratchbox=\box35
\nofMPsegments=\count181
\nofMParguments=\count182
\everyMPshowfont=\toks41
\MPscratchCnt=\count183
\MPscratchDim=\dimen171
\MPnumerator=\count184
\makeMPintoPDFobject=\count185
\everyMPtoPDFconversion=\toks42
) (/usr/local/texlive/2016/texmf-dist/tex/latex/oberdiek/epstopdf-base.sty
Package: epstopdf-base 2016/05/15 v2.6 Base part for package epstopdf

(/usr/local/texlive/2016/texmf-dist/tex/latex/oberdiek/grfext.sty
Package: grfext 2016/05/16 v1.2 Manage graphics extensions (HO)
)
Package grfext Info: Graphics extension search list:
(grfext)             [.pdf,.jpeg,.png,.PNG,.tiff,.eps]
(grfext)             \AppendGraphicsExtensions on input line 456.

(/usr/local/texlive/2016/texmf-dist/tex/latex/latexconfig/epstopdf-sys.cfg
File: epstopdf-sys.cfg 2010/07/13 v1.3 Configuration of (r)epstopdf for TeX Liv
e
))
Package caption Info: Begin \AtBeginDocument code.
Package caption Info: subfig package v1.3 is loaded.
Package caption Info: float package is loaded.
Package caption Info: hyperref package is loaded.
Package caption Info: listings package is loaded.
Package caption Info: rotating package is loaded.
Package caption Info: End \AtBeginDocument code.

*geometry* driver: auto-detecting
*geometry* detected driver: pdftex
*geometry* verbose mode - [ preamble ] result:
* driver: pdftex
* paper: <default>
* layout: <same size as paper>
* layoutoffset:(h,v)=(0.0pt,0.0pt)
* modes: 
* h-part:(L,W,R)=(108.405pt, 433.62001pt, 72.26999pt)
* v-part:(T,H,B)=(72.26999pt, 650.43001pt, 72.26999pt)
* \paperwidth=614.295pt
* \paperheight=794.96999pt
* \textwidth=433.62001pt
* \textheight=650.43001pt
* \oddsidemargin=36.13501pt
* \evensidemargin=36.13501pt
* \topmargin=-37.0pt
* \headheight=12.0pt
* \headsep=25.0pt
* \topskip=12.0pt
* \footskip=30.0pt
* \marginparwidth=44.0pt
* \marginparsep=10.0pt
* \columnsep=10.0pt
* \skip\footins=10.8pt plus 4.0pt minus 2.0pt
* \hoffset=0.0pt
* \voffset=0.0pt
* \mag=1000
* \@twocolumnfalse
* \@twosidefalse
* \@mparswitchfalse
* \@reversemarginfalse
* (1in=72.27pt=25.4mm, 1cm=28.453pt)


Package tocstyle Warning: Usage of `tocstyle' with `titletoc' detected.
(tocstyle)                I suggest to use either `tocstyle' or `titletoc'
(tocstyle)                but not both of them together. I expect even
(tocstyle)                error messages because of this combination.

LaTeX Font Info:    Font shape `OT1/ptm/bx/n' in size <14.4> not available
(Font)              Font shape `OT1/ptm/b/n' tried instead on input line 287.
Package tocstyle Info: prepare \l@part for redefinition on input line 287.
LaTeX Font Info:    Try loading font information for OT1+ztmcm on input line 28
7.
(/usr/local/texlive/2016/texmf-dist/tex/latex/psnfss/ot1ztmcm.fd
File: ot1ztmcm.fd 2000/01/03 Fontinst v1.801 font definitions for OT1/ztmcm.
)
LaTeX Font Info:    Try loading font information for OML+ztmcm on input line 28
7.

(/usr/local/texlive/2016/texmf-dist/tex/latex/psnfss/omlztmcm.fd
File: omlztmcm.fd 2000/01/03 Fontinst v1.801 font definitions for OML/ztmcm.
)
LaTeX Font Info:    Try loading font information for OMS+ztmcm on input line 28
7.

(/usr/local/texlive/2016/texmf-dist/tex/latex/psnfss/omsztmcm.fd
File: omsztmcm.fd 2000/01/03 Fontinst v1.801 font definitions for OMS/ztmcm.
)
LaTeX Font Info:    Try loading font information for OMX+ztmcm on input line 28
7.

(/usr/local/texlive/2016/texmf-dist/tex/latex/psnfss/omxztmcm.fd
File: omxztmcm.fd 2000/01/03 Fontinst v1.801 font definitions for OMX/ztmcm.
)
LaTeX Font Info:    Try loading font information for U+msa on input line 287.

(/usr/local/texlive/2016/texmf-dist/tex/latex/amsfonts/umsa.fd
File: umsa.fd 2013/01/14 v3.01 AMS symbols A
)
LaTeX Font Info:    Try loading font information for U+msb on input line 287.

(/usr/local/texlive/2016/texmf-dist/tex/latex/amsfonts/umsb.fd
File: umsb.fd 2013/01/14 v3.01 AMS symbols B
)
LaTeX Font Info:    Try loading font information for U+stmry on input line 287.


(/usr/local/texlive/2016/texmf-dist/tex/latex/stmaryrd/Ustmry.fd)
LaTeX Font Info:    Font shape `OT1/ptm/bx/n' in size <10.95> not available
(Font)              Font shape `OT1/ptm/b/n' tried instead on input line 287.
LaTeX Font Info:    Font shape `OT1/ptm/bx/n' in size <8> not available
(Font)              Font shape `OT1/ptm/b/n' tried instead on input line 287.
Package tocstyle Info: prepare \l@chapter for redefinition on input line 287.
LaTeX Font Info:    Font shape `OT1/ptm/bx/n' in size <12> not available
(Font)              Font shape `OT1/ptm/b/n' tried instead on input line 287.
LaTeX Font Info:    Font shape `OT1/ptm/bx/n' in size <9> not available
(Font)              Font shape `OT1/ptm/b/n' tried instead on input line 287.
LaTeX Font Info:    Font shape `OT1/ptm/bx/n' in size <7> not available
(Font)              Font shape `OT1/ptm/b/n' tried instead on input line 287.
Package tocstyle Info: prepare \l@section for redefinition on input line 287.
Package tocstyle Info: prepare \l@subsection for redefinition on input line 287
.
Package tocstyle Info: prepare \l@subsubsection for redefinition on input line 
287.
Package tocstyle Info: prepare \l@paragraph for redefinition on input line 287.

Package tocstyle Info: prepare \l@subparagraph for redefinition on input line 2
87.
Package tocstyle Info: prepare \l@table for redefinition on input line 287.
Package tocstyle Info: prepare \l@figure for redefinition on input line 287.
\c@lstlisting=\count186
\AtBeginShipoutBox=\box36
Package hyperref Info: Link coloring OFF on input line 287.

(/usr/local/texlive/2016/texmf-dist/tex/latex/hyperref/nameref.sty
Package: nameref 2012/10/27 v2.43 Cross-referencing by name of section

(/usr/local/texlive/2016/texmf-dist/tex/generic/oberdiek/gettitlestring.sty
Package: gettitlestring 2016/05/16 v1.5 Cleanup title references (HO)
)
\c@section@level=\count187
)
LaTeX Info: Redefining \ref on input line 287.
LaTeX Info: Redefining \pageref on input line 287.
LaTeX Info: Redefining \nameref on input line 287.

(./ThesisManuscript.out) (./ThesisManuscript.out)
\@outlinefile=\write5
\openout5 = `ThesisManuscript.out'.

 [1

{/usr/local/texlive/2016/texmf-var/fonts/map/pdftex/updmap/pdftex.map}] [2

] (./ThesisManuscript.toc
number indent by \l@... (toc, 0):  0.0pt
text indent by \l@... (toc, 0):  17.62482pt
number indent by parent (toc, 0):  0.0pt
text indent calculated (toc, 0): 17.62482pt
number indent calculated (toc, 0): 0.0pt
number indent by \l@... (toc, 0):  0.0pt
text indent by \l@... (toc, 0):  17.62482pt
number indent by parent (toc, 0):  0.0pt
text indent calculated (toc, 0): 17.62482pt
number indent calculated (toc, 0): 0.0pt
number indent by \l@... (toc, 0):  0.0pt
text indent by \l@... (toc, 0):  17.62482pt
number indent by parent (toc, 0):  0.0pt
text indent calculated (toc, 0): 17.62482pt
number indent calculated (toc, 0): 0.0pt
number indent by \l@... (toc, 0):  0.0pt
text indent by \l@... (toc, 0):  17.62482pt
number indent by parent (toc, 0):  0.0pt
text indent calculated (toc, 0): 17.62482pt
number indent calculated (toc, 0): 0.0pt
number indent by \l@... (toc, 0):  0.0pt
text indent by \l@... (toc, 0):  17.62482pt
number indent by parent (toc, 0):  0.0pt
text indent calculated (toc, 0): 17.62482pt
number indent calculated (toc, 0): 0.0pt

Overfull \hbox (54.37158pt too wide) in paragraph at lines 12--12
 [][] []\OT1/ptm/m/n/12 Chap-ter[] []
 []

number indent by \l@... (toc, 0):  0.0pt
text indent by \l@... (toc, 0):  17.62482pt
number indent by parent (toc, 0):  0.0pt
text indent calculated (toc, 0): 17.62482pt
number indent calculated (toc, 0): 0.0pt
number indent by \l@... (toc, 1):  17.62482pt
text indent by \l@... (toc, 1):  27.02475pt
number indent by parent (toc, 1):  17.62482pt
text indent calculated (toc, 1): 21.0pt
number indent calculated (toc, 1): 17.62482pt
number indent by \l@... (toc, 2):  44.64957pt
text indent by \l@... (toc, 2):  37.59956pt
number indent by parent (toc, 2):  38.62482pt
text indent calculated (toc, 2): 30.0pt
number indent calculated (toc, 2): 38.62482pt
number indent by \l@... (toc, 1):  17.62482pt
text indent by \l@... (toc, 1):  27.02475pt
number indent by parent (toc, 1):  17.62482pt
text indent calculated (toc, 1): 21.0pt
number indent calculated (toc, 1): 17.62482pt
number indent by \l@... (toc, 0):  0.0pt
text indent by \l@... (toc, 0):  17.62482pt
number indent by parent (toc, 0):  0.0pt
text indent calculated (toc, 0): 17.62482pt
number indent calculated (toc, 0): 0.0pt
number indent by \l@... (toc, 1):  17.62482pt
text indent by \l@... (toc, 1):  27.02475pt
number indent by parent (toc, 1):  17.62482pt
text indent calculated (toc, 1): 21.0pt
number indent calculated (toc, 1): 17.62482pt
number indent by \l@... (toc, 2):  44.64957pt
text indent by \l@... (toc, 2):  37.59956pt
number indent by parent (toc, 2):  38.62482pt
text indent calculated (toc, 2): 30.0pt
number indent calculated (toc, 2): 38.62482pt
number indent by \l@... (toc, 2):  44.64957pt
text indent by \l@... (toc, 2):  37.59956pt
number indent by parent (toc, 2):  38.62482pt
text indent calculated (toc, 2): 30.0pt
number indent calculated (toc, 2): 38.62482pt
number indent by \l@... (toc, 2):  44.64957pt
text indent by \l@... (toc, 2):  37.59956pt
number indent by parent (toc, 2):  38.62482pt
text indent calculated (toc, 2): 30.0pt
number indent calculated (toc, 2): 38.62482pt
number indent by \l@... (toc, 1):  17.62482pt
text indent by \l@... (toc, 1):  27.02475pt
number indent by parent (toc, 1):  17.62482pt
text indent calculated (toc, 1): 21.0pt
number indent calculated (toc, 1): 17.62482pt
number indent by \l@... (toc, 2):  44.64957pt
text indent by \l@... (toc, 2):  37.59956pt
number indent by parent (toc, 2):  38.62482pt
text indent calculated (toc, 2): 30.0pt
number indent calculated (toc, 2): 38.62482pt
number indent by \l@... (toc, 2):  44.64957pt
text indent by \l@... (toc, 2):  37.59956pt
number indent by parent (toc, 2):  38.62482pt
text indent calculated (toc, 2): 30.0pt
number indent calculated (toc, 2): 38.62482pt
number indent by \l@... (toc, 1):  17.62482pt
text indent by \l@... (toc, 1):  27.02475pt
number indent by parent (toc, 1):  17.62482pt
text indent calculated (toc, 1): 21.0pt
number indent calculated (toc, 1): 17.62482pt
number indent by \l@... (toc, 2):  44.64957pt
text indent by \l@... (toc, 2):  37.59956pt
number indent by parent (toc, 2):  38.62482pt
text indent calculated (toc, 2): 30.0pt
number indent calculated (toc, 2): 38.62482pt
number indent by \l@... (toc, 0):  0.0pt
text indent by \l@... (toc, 0):  17.62482pt
number indent by parent (toc, 0):  0.0pt
text indent calculated (toc, 0): 17.62482pt
number indent calculated (toc, 0): 0.0pt
number indent by \l@... (toc, 1):  17.62482pt
text indent by \l@... (toc, 1):  27.02475pt
number indent by parent (toc, 1):  17.62482pt
text indent calculated (toc, 1): 21.0pt
number indent calculated (toc, 1): 17.62482pt
number indent by \l@... (toc, 2):  44.64957pt
text indent by \l@... (toc, 2):  37.59956pt
number indent by parent (toc, 2):  38.62482pt
text indent calculated (toc, 2): 30.0pt
number indent calculated (toc, 2): 38.62482pt
number indent by \l@... (toc, 2):  44.64957pt
text indent by \l@... (toc, 2):  37.59956pt
number indent by parent (toc, 2):  38.62482pt
text indent calculated (toc, 2): 30.0pt
number indent calculated (toc, 2): 38.62482pt
number indent by \l@... (toc, 2):  44.64957pt
text indent by \l@... (toc, 2):  37.59956pt
number indent by parent (toc, 2):  38.62482pt
text indent calculated (toc, 2): 30.0pt
number indent calculated (toc, 2): 38.62482pt
number indent by \l@... (toc, 1):  17.62482pt
text indent by \l@... (toc, 1):  27.02475pt
number indent by parent (toc, 1):  17.62482pt
text indent calculated (toc, 1): 21.0pt
number indent calculated (toc, 1): 17.62482pt
number indent by \l@... (toc, 2):  44.64957pt
text indent by \l@... (toc, 2):  37.59956pt
number indent by parent (toc, 2):  38.62482pt
text indent calculated (toc, 2): 30.0pt
number indent calculated (toc, 2): 38.62482pt
number indent by \l@... (toc, 2):  44.64957pt
text indent by \l@... (toc, 2):  37.59956pt
number indent by parent (toc, 2):  38.62482pt
text indent calculated (toc, 2): 30.0pt
number indent calculated (toc, 2): 38.62482pt
number indent by \l@... (toc, 1):  17.62482pt
text indent by \l@... (toc, 1):  27.02475pt
number indent by parent (toc, 1):  17.62482pt
text indent calculated (toc, 1): 21.0pt
number indent calculated (toc, 1): 17.62482pt
number indent by \l@... (toc, 2):  44.64957pt
text indent by \l@... (toc, 2):  37.59956pt
number indent by parent (toc, 2):  38.62482pt
text indent calculated (toc, 2): 30.0pt
number indent calculated (toc, 2): 38.62482pt
)
\tf@toc=\write6
\openout6 = `ThesisManuscript.toc'.

 [3

] (./ThesisManuscript.lot)
\tf@lot=\write7
\openout7 = `ThesisManuscript.lot'.

 [4

] (./ThesisManuscript.lof
number indent by \l@... (lof, 1):  17.62482pt
text indent by \l@... (lof, 1):  27.02475pt
number indent by parent (lof, 1):  17.62482pt
text indent calculated (lof, 1): 21.0pt
number indent calculated (lof, 1): 17.62482pt
number indent by \l@... (lof, 1):  17.62482pt
text indent by \l@... (lof, 1):  27.02475pt
number indent by parent (lof, 1):  17.62482pt
text indent calculated (lof, 1): 21.0pt
number indent calculated (lof, 1): 17.62482pt
)
\tf@lof=\write8
\openout8 = `ThesisManuscript.lof'.

 [5

] [6

]
Chapter 1.
[1

] [2]
Chapter 2.
[3


]
Chapter 3.
No file ThesisManuscript.bbl.
Package atveryend Info: Empty hook `BeforeClearDocument' on input line 475.
[4


]
Package atveryend Info: Empty hook `AfterLastShipout' on input line 475.
 (./ThesisManuscript.aux)
Package atveryend Info: Executing hook `AtVeryEndDocument' on input line 475.


 *File List*
  report.cls    2014/09/29 v1.4h Standard LaTeX document class
  size12.clo    2014/09/29 v1.4h Standard LaTeX file (size option)
 nomencl.sty    2005/09/22 v4.2 Nomenclature package (LN)
 amsmath.sty    2016/03/10 v2.15b AMS math features
 amstext.sty    2000/06/29 v2.01 AMS text
  amsgen.sty    1999/11/30 v2.0 generic functions
  amsbsy.sty    1999/11/29 v1.2d Bold Symbols
  amsopn.sty    2016/03/08 v2.02 operator names
graphicx.sty    2014/10/28 v1.0g Enhanced LaTeX Graphics (DPC,SPQR)
  keyval.sty    2014/10/28 v1.15 key=value parser (DPC)
graphics.sty    2016/05/09 v1.0r Standard LaTeX Graphics (DPC,SPQR)
    trig.sty    2016/01/03 v1.10 sin cos tan (DPC)
graphics.cfg    2016/01/02 v1.10 sample graphics configuration
  pdftex.def    2011/05/27 v0.06d Graphics/color for pdfTeX
infwarerr.sty    2016/05/16 v1.4 Providing info/warning/error messages (HO)
 ltxcmds.sty    2016/05/16 v1.23 LaTeX kernel commands for general use (HO)
multirow.sty    
 caption.sty    2016/02/21 v3.3-144 Customizing captions (AR)
caption3.sty    2016/02/04 v1.7-139 caption3 kernel (AR)
tocbibind.sty    2010/10/13 v1.5k extra ToC listings
setspace.sty    2011/12/19 v6.7a set line spacing
titlesec.sty    2016/03/21 v2.10.2 Sectioning titles
   color.sty    1999/02/16
   color.cfg    2016/01/02 v1.6 sample color configuration
geometry.sty    2010/09/12 v5.6 Page Geometry
   ifpdf.sty    2016/05/14 v3.1 Provides the ifpdf switch
  ifvtex.sty    2016/05/16 v1.6 Detect VTeX and its facilities (HO)
 ifxetex.sty    2010/09/12 v0.6 Provides ifxetex conditional
  xcolor.sty    2016/05/11 v2.12 LaTeX color extensions (UK)
   color.cfg    2016/01/02 v1.6 sample color configuration
colortbl.sty    2012/02/13 v1.0a Color table columns (DPC)
   array.sty    2014/10/28 v2.4c Tabular extension package (FMi)
amsfonts.sty    2013/01/14 v3.01 Basic AMSFonts support
      bm.sty    2016/02/27 v1.2a Bold Symbol Support (DPC/FMi)
 amssymb.sty    2013/01/14 v3.01 AMS font symbols
rotating.sty    2009/03/28 v2.16a rotated objects in LaTeX
  ifthen.sty    2014/09/29 v1.1c Standard LaTeX ifthen package (DPC)
   float.sty    2001/11/08 v1.3d Float enhancements (AL)
stmaryrd.sty    1994/03/03 St Mary's Road symbol package
    soul.sty    2003/11/17 v2.4 letterspacing/underlining (mf)
   eepic.sty    
  natbib.sty    2010/09/13 8.31b (PWD, AO)
indentfirst.sty    1995/11/23 v1.03 Indent first paragraph (DPC)
  subfig.sty    2005/06/28 ver: 1.3 subfig package
euscript.sty    2009/06/22 v3.00 Euler Script fonts
appendix.sty    2009/09/02 v1.2b extra appendix facilities
tocstyle.sty    2016/04/12 v0.2h-alpha KOMA-Script package (versatile toc style
s)
textcomp.sty    2005/09/27 v1.99g Standard LaTeX package
  ts1enc.def    2001/06/05 v3.0e (jk/car/fm) Standard LaTeX file
listings.sty    2015/06/04 1.6 (Carsten Heinz)
 lstmisc.sty    2015/06/04 1.6 (Carsten Heinz)
listings.cfg    2015/06/04 1.6 listings configuration
mathptmx.sty    2005/04/12 PSNFSS-v9.2a Times w/ Math, improved (SPQR, WaS) 
  epsfig.sty    1999/02/16 v1.7a (e)psfig emulation (SPQR)
   times.sty    2005/04/12 PSNFSS-v9.2a (SPQR) 
 makeidx.sty    2014/09/29 v1.0m Standard LaTeX package
     url.sty    2013/09/16  ver 3.4  Verb mode for urls, etc.
booktabs.sty    2016/04/27 v1.618033 publication quality tables
 tocloft.sty    2013/05/02 v2.3f parameterised ToC, etc., typesetting
 acronym.sty    2015/03/21 v1.41 Support for acronyms (Tobias Oetiker)
  suffix.sty    2006/07/15 1.5a Variant command support
 xstring.sty    2013/10/13  v1.7c  String manipulations (C Tellechea)
datetime.sty    2015/03/20 v2.60 Date Time Package
etoolbox.sty    2015/08/02 v2.2a e-TeX tools for LaTeX (JAW)
fmtcount.sty    2015/05/05 v3.01
 xkeyval.sty    2014/12/03 v2.7a package option processing (HA)
 xkeyval.tex    2014/12/03 v2.7a key=value parser (HA)
fcprefix.sty    2012/09/28
fcnumparser.sty    2012/09/28
fc-english.def    2013/08/17
datetime-defaults.sty    2013/09/10
algorithm.sty    2009/08/24 v0.1 Document Style `algorithm' - floating environm
ent
algorithmic.sty    2009/08/24 v0.1 Document Style `algorithmic'
hyperref.sty    2016/05/05 v6.83n Hypertext links for LaTeX
hobsub-hyperref.sty    2016/05/16 v1.14 Bundle oberdiek, subset hyperref (HO)
hobsub-generic.sty    2016/05/16 v1.14 Bundle oberdiek, subset generic (HO)
  hobsub.sty    2016/05/16 v1.14 Construct package bundles (HO)
ifluatex.sty    2016/05/16 v1.4 Provides the ifluatex switch (HO)
 intcalc.sty    2016/05/16 v1.2 Expandable calculations with integers (HO)
etexcmds.sty    2016/05/16 v1.6 Avoid name clashes with e-TeX commands (HO)
kvsetkeys.sty    2016/05/16 v1.17 Key value parser (HO)
kvdefinekeys.sty    2016/05/16 v1.4 Define keys (HO)
pdftexcmds.sty    2016/05/10 v0.21 Utility functions of pdfTeX for LuaTeX (HO)
pdfescape.sty    2016/05/16 v1.14 Implements pdfTeX's escape features (HO)
bigintcalc.sty    2016/05/16 v1.4 Expandable calculations on big integers (HO)
  bitset.sty    2016/05/16 v1.2 Handle bit-vector datatype (HO)
uniquecounter.sty    2016/05/16 v1.3 Provide unlimited unique counter (HO)
letltxmacro.sty    2016/05/16 v1.5 Let assignment for LaTeX macros (HO)
 hopatch.sty    2016/05/16 v1.3 Wrapper for package hooks (HO)
xcolor-patch.sty    2016/05/16 xcolor patch
atveryend.sty    2016/05/16 v1.9 Hooks at the very end of document (HO)
atbegshi.sty    2016/05/16 v1.17 At begin shipout hook (HO)
refcount.sty    2016/05/16 v3.5 Data extraction from label references (HO)
 hycolor.sty    2016/05/16 v1.8 Color options for hyperref/bookmark (HO)
 auxhook.sty    2016/05/16 v1.4 Hooks for auxiliary files (HO)
kvoptions.sty    2016/05/16 v3.12 Key value format for package options (HO)
  pd1enc.def    2016/05/05 v6.83n Hyperref: PDFDocEncoding definition (HO)
hyperref.cfg    2002/06/06 v1.2 hyperref configuration of TeXLive
 hpdftex.def    2016/05/05 v6.83n Hyperref driver for pdfTeX
rerunfilecheck.sty    2016/05/16 v1.8 Rerun checks for auxiliary files (HO)
makecell.sty    2009/08/03 V0.1e Managing of Tab Column Heads and Cells
titletoc.sty    2011/12/15 v1.6 TOC entries
  lscape.sty    2000/10/22 v3.01 Landscape Pages (DPC)
abstract.sty    2009/06/08 v1.2a configurable abstracts
  ts1cmr.fd    2014/09/29 v2.5h Standard LaTeX font definitions
  ot1ptm.fd    2001/06/04 font definitions for OT1/ptm.
supp-pdf.mkii
epstopdf-base.sty    2016/05/15 v2.6 Base part for package epstopdf
  grfext.sty    2016/05/16 v1.2 Manage graphics extensions (HO)
epstopdf-sys.cfg    2010/07/13 v1.3 Configuration of (r)epstopdf for TeX Live
ot1ztmcm.fd    2000/01/03 Fontinst v1.801 font definitions for OT1/ztmcm.
omlztmcm.fd    2000/01/03 Fontinst v1.801 font definitions for OML/ztmcm.
omsztmcm.fd    2000/01/03 Fontinst v1.801 font definitions for OMS/ztmcm.
omxztmcm.fd    2000/01/03 Fontinst v1.801 font definitions for OMX/ztmcm.
    umsa.fd    2013/01/14 v3.01 AMS symbols A
    umsb.fd    2013/01/14 v3.01 AMS symbols B
  Ustmry.fd
 nameref.sty    2012/10/27 v2.43 Cross-referencing by name of section
gettitlestring.sty    2016/05/16 v1.5 Cleanup title references (HO)
ThesisManuscript.out
ThesisManuscript.out
 ***********

Package atveryend Info: Executing hook `AtEndAfterFileList' on input line 475.
Package rerunfilecheck Info: File `ThesisManuscript.out' has not changed.
(rerunfilecheck)             Checksum: 8CA55F58519DBE04F03DDE8D213DAFC1;1840.
 ) 
Here is how much of TeX's memory you used:
 14084 strings out of 493014
 207379 string characters out of 6133351
 335800 words of memory out of 5000000
 17288 multiletter control sequences out of 15000+600000
 33397 words of font info for 93 fonts, out of 8000000 for 9000
 1141 hyphenation exceptions out of 8191
 41i,5n,77p,1020b,417s stack positions out of 5000i,500n,10000p,200000b,80000s
{/usr/local/texlive/2016/texmf-dist/fonts/enc/dvips/base/8r.enc}</usr/local/t
exlive/2016/texmf-dist/fonts/type1/urw/times/utmr8a.pfb>
Output written on ThesisManuscript.pdf (10 pages, 24864 bytes).
PDF statistics:
 209 PDF objects out of 1000 (max. 8388607)
 194 compressed objects within 2 object streams
 37 named destinations out of 1000 (max. 500000)
 225 words of extra memory for PDF output out of 10000 (max. 10000000)

